<?xml version="1.0" encoding="UTF-8"?>
<!-- Generated by org.testng.reporters.JUnitReportReporter -->
<testsuite skipped="0" hostname="codemaxpc01-desktop" name="testpackage.TestNGclass" tests="1" failures="0" timestamp="22 Feb 2019 09:50:47 GMT" time="23.594" errors="0">
  <testcase name="f" time="23.594" classname="testpackage.TestNGclass"/>
</testsuite> <!-- testpackage.TestNGclass -->
